2021-10-19 14:05:04.741 | INFO     | httprunner.runner:test_start:450 - Start to run testcase: testcase description, TestCase ID: 8cdf8aa3-b0e9-413d-942d-c15477ca57a6
2021-10-19 14:05:04.744 | INFO     | httprunner.runner:__run_step:292 - run step begin: /cgi-bin/token >>>>>>
2021-10-19 14:05:04.941 | DEBUG    | httprunner.client:request:186 - client IP: 127.0.0.1, Port: 59034
2021-10-19 14:05:04.942 | DEBUG    | httprunner.client:request:194 - server IP: 127.0.0.1, Port: 8888
2021-10-19 14:05:04.943 | DEBUG    | httprunner.client:log_print:40 - 
================== request details ==================
method   : GET
url      : https://api.weixin.qq.com/cgi-bin/token?appid=wxac9525af0278fe45&grant_type=client_credential&secret=f12e101c5b159d22c60b8a39cf5bf673
headers  : {
    "User-Agent": "PostmanRuntime/7.28.4",
    "Accept-Encoding": "gzip, deflate, br",
    "Accept": "*/*",
    "Connection": "keep-alive",
    "Host": "api.weixin.qq.com",
    "Postman-Token": "b7a29129-f395-479b-b425-c2ff99ca5e41",
    "HRUN-Request-ID": "HRUN-8cdf8aa3-b0e9-413d-942d-c15477ca57a6-504744"
}
cookies  : {}
body     : None

2021-10-19 14:05:04.944 | DEBUG    | httprunner.client:log_print:40 - 
================== response details ==================
status_code : 200
headers  : {
    "Content-Type": "application/json; encoding=utf-8",
    "Date": "Tue, 19 Oct 2021 06:05:04 GMT",
    "Content-Length": "194",
    "Connection": "keep-alive"
}
cookies  : {}
encoding : utf-8
content_type : application/json; encoding=utf-8
body     : {
    "access_token": "50_TDZN0YrcNrauy1CHpggq5xvSsyBG56Irjih5TsEA3lip7KJxdAvL3TjM1JmIsmzwCXN3mzhqg4ePqnDCzcXN-xlRSW_3uO8YvjXGGcrg7rh7ymwVgYsRPGNY0NXxhMPbXFDyQoDyVtlmZENzZYTgADALKF",
    "expires_in": 7200
}

2021-10-19 14:05:04.944 | INFO     | httprunner.client:request:217 - status_code: 200, response_time(ms): 195.48 ms, response_length: 0 bytes
2021-10-19 14:05:04.945 | INFO     | httprunner.response:extract:179 - extract mapping: {'token': '50_TDZN0YrcNrauy1CHpggq5xvSsyBG56Irjih5TsEA3lip7KJxdAvL3TjM1JmIsmzwCXN3mzhqg4ePqnDCzcXN-xlRSW_3uO8YvjXGGcrg7rh7ymwVgYsRPGNY0NXxhMPbXFDyQoDyVtlmZENzZYTgADALKF'}
2021-10-19 14:05:04.946 | INFO     | httprunner.response:validate:249 - assert status_code equal 200(int)	==> pass
2021-10-19 14:05:04.946 | INFO     | httprunner.response:validate:249 - assert headers."Content-Type" equal application/json; encoding=utf-8(str)	==> pass
2021-10-19 14:05:04.947 | INFO     | httprunner.response:validate:249 - assert body.expires_in equal 7200(int)	==> pass
2021-10-19 14:05:04.947 | INFO     | httprunner.runner:__run_step:304 - run step end: /cgi-bin/token <<<<<<

2021-10-19 14:05:04.948 | INFO     | httprunner.runner:__run_step:292 - run step begin: /cgi-bin/tags/get >>>>>>
