2021-10-19 14:43:45.214 | INFO     | httprunner.runner:test_start:450 - Start to run testcase: testcase description, TestCase ID: 9f6aff78-e690-43da-99b5-00834845d59f
2021-10-19 14:43:45.217 | INFO     | httprunner.runner:__run_step:292 - run step begin: /cgi-bin/token >>>>>>
2021-10-19 14:43:45.406 | DEBUG    | httprunner.client:request:186 - client IP: 172.31.41.34, Port: 53107
2021-10-19 14:43:45.407 | DEBUG    | httprunner.client:request:194 - server IP: 101.226.212.27, Port: 443
2021-10-19 14:43:45.408 | DEBUG    | httprunner.client:log_print:40 - 
================== request details ==================
method   : GET
url      : https://api.weixin.qq.com/cgi-bin/token?appid=wxac9525af0278fe45&grant_type=client_credential&secret=f12e101c5b159d22c60b8a39cf5bf673
headers  : {
    "User-Agent": "PostmanRuntime/7.28.4",
    "Accept-Encoding": "gzip, deflate, br",
    "Accept": "*/*",
    "Connection": "keep-alive",
    "Host": "api.weixin.qq.com",
    "Postman-Token": "b7a29129-f395-479b-b425-c2ff99ca5e41",
    "HRUN-Request-ID": "HRUN-9f6aff78-e690-43da-99b5-00834845d59f-825220"
}
cookies  : {}
body     : None

2021-10-19 14:43:45.409 | DEBUG    | httprunner.client:log_print:40 - 
================== response details ==================
status_code : 200
headers  : {
    "Connection": "keep-alive",
    "Content-Type": "application/json; encoding=utf-8",
    "Date": "Tue, 19 Oct 2021 06:43:45 GMT",
    "Content-Length": "194"
}
cookies  : {}
encoding : utf-8
content_type : application/json; encoding=utf-8
body     : {
    "access_token": "50_mJopC0dJtmAczqTmAwzrd9Y_W2-SdfSpdHeYQW61dHD1FRmq7JCpr69hvpQ5vuyW_gkKT8bFran7OdJWHsWa8l5ieHhFO5V3E5TizAMQszPiPQ-eoq8LEqOYPCK8ft35zC78jWeW74F5uzUyFDSjAIARPE",
    "expires_in": 7200
}

2021-10-19 14:43:45.410 | INFO     | httprunner.client:request:217 - status_code: 200, response_time(ms): 185.69 ms, response_length: 0 bytes
2021-10-19 14:43:45.411 | INFO     | httprunner.response:extract:179 - extract mapping: {'token': '50_mJopC0dJtmAczqTmAwzrd9Y_W2-SdfSpdHeYQW61dHD1FRmq7JCpr69hvpQ5vuyW_gkKT8bFran7OdJWHsWa8l5ieHhFO5V3E5TizAMQszPiPQ-eoq8LEqOYPCK8ft35zC78jWeW74F5uzUyFDSjAIARPE'}
2021-10-19 14:43:45.412 | INFO     | httprunner.response:validate:249 - assert status_code equal 200(int)	==> pass
2021-10-19 14:43:45.412 | INFO     | httprunner.response:validate:249 - assert headers."Content-Type" equal application/json; encoding=utf-8(str)	==> pass
2021-10-19 14:43:45.413 | INFO     | httprunner.response:validate:249 - assert body.expires_in equal 7200(int)	==> pass
2021-10-19 14:43:45.413 | INFO     | httprunner.runner:__run_step:304 - run step end: /cgi-bin/token <<<<<<

2021-10-19 14:43:45.414 | INFO     | httprunner.runner:__run_step:292 - run step begin: /cgi-bin/tags/get >>>>>>
2021-10-19 14:44:05.424 | WARNING  | httprunner.client:request:188 - failed to get client address info: 'NoneType' object has no attribute 'connection'
2021-10-19 14:44:05.425 | WARNING  | httprunner.client:request:196 - failed to get server address info: 'NoneType' object has no attribute 'connection'
2021-10-19 14:44:05.427 | DEBUG    | httprunner.client:log_print:40 - 
================== request details ==================
method   : GET
url      : https://api.weixin.qq.com/cgi-bin/tags/get
headers  : {}
cookies  : {}
body     : None

2021-10-19 14:44:05.428 | DEBUG    | httprunner.client:log_print:40 - 
================== response details ==================
status_code : 0
headers  : {}
cookies  : {}
encoding : None
content_type : 
body     : 

2021-10-19 14:44:05.429 | ERROR    | httprunner.client:request:215 - ('Connection aborted.', RemoteDisconnected('Remote end closed connection without response'))
2021-10-19 14:44:05.431 | ERROR    | httprunner.response:validate:266 - assert status_code equal 200(int)	==> fail
check_item: status_code
check_value: 0(int)
assert_method: equal
expect_value: 200(int)
2021-10-19 14:44:05.432 | ERROR    | httprunner.response:validate:266 - assert headers."Content-Type" equal application/json; encoding=utf-8(str)	==> fail
check_item: headers."Content-Type"
check_value: None(NoneType)
assert_method: equal
expect_value: application/json; encoding=utf-8(str)
2021-10-19 14:44:05.432 | ERROR    | httprunner.runner:log_req_resp_details:194 - 
******************************** DETAILED REQUEST & RESPONSE ********************************
====== request details ======
url: https://api.weixin.qq.com/cgi-bin/tags/get
method: GET
headers: {'Accept': '*/*', 'Accept-Encoding': 'gzip, deflate, br', 'Connection': 'keep-alive', 'Content-Length': '2', 'Content-Type': 'text/plain', 'Host': 'api.weixin.qq.com', 'Postman-Token': 'd5b860cf-5e86-4eca-86cd-39bfd902c09f', 'User-Agent': 'PostmanRuntime/7.28.4', 'HRUN-Request-ID': 'HRUN-9f6aff78-e690-43da-99b5-00834845d59f-825414'}
params: {'access_token': '50_mJopC0dJtmAczqTmAwzrd9Y_W2-SdfSpdHeYQW61dHD1FRmq7JCpr69hvpQ5vuyW_gkKT8bFran7OdJWHsWa8l5ieHhFO5V3E5TizAMQszPiPQ-eoq8LEqOYPCK8ft35zC78jWeW74F5uzUyFDSjAIARPE'}
data: None
cookies: {}
timeout: 120
allow_redirects: True
verify: False
json: None

====== response details ======
status_code: 0
headers: {}
body: ''

