2021-10-19 14:13:22.988 | INFO     | httprunner.runner:test_start:450 - Start to run testcase: testcase description, TestCase ID: ff797438-920d-4a6e-b6fc-af80bbf95a7d
2021-10-19 14:13:22.989 | INFO     | httprunner.runner:__run_step:292 - run step begin: /cgi-bin/token >>>>>>
2021-10-19 14:13:23.161 | DEBUG    | httprunner.client:request:186 - client IP: 172.31.41.34, Port: 50736
2021-10-19 14:13:23.161 | DEBUG    | httprunner.client:request:194 - server IP: 101.226.212.27, Port: 443
2021-10-19 14:13:23.162 | DEBUG    | httprunner.client:log_print:40 - 
================== request details ==================
method   : GET
url      : https://api.weixin.qq.com/cgi-bin/token?appid=wxac9525af0278fe45&grant_type=client_credential&secret=f12e101c5b159d22c60b8a39cf5bf673
headers  : {
    "User-Agent": "PostmanRuntime/7.28.4",
    "Accept-Encoding": "gzip, deflate, br",
    "Accept": "*/*",
    "Connection": "keep-alive",
    "Host": "api.weixin.qq.com",
    "Postman-Token": "b7a29129-f395-479b-b425-c2ff99ca5e41",
    "HRUN-Request-ID": "HRUN-ff797438-920d-4a6e-b6fc-af80bbf95a7d-002990"
}
cookies  : {}
body     : None

2021-10-19 14:13:23.163 | DEBUG    | httprunner.client:log_print:40 - 
================== response details ==================
status_code : 200
headers  : {
    "Connection": "keep-alive",
    "Content-Type": "application/json; encoding=utf-8",
    "Date": "Tue, 19 Oct 2021 06:13:23 GMT",
    "Content-Length": "194"
}
cookies  : {}
encoding : utf-8
content_type : application/json; encoding=utf-8
body     : {
    "access_token": "50_uKPCjOyK2nbaslui4A3vmiUhkIcToNli7uxfImlQcfKtEciRWYn6ycc6c5OgKuETGz1IVxl6UBGiR88qs7Chxwj0-uRHkqirvWMyaVggDOMolhGxtERdy2ohrANHwDEbXfbFJZmIt4laUNhBTXFbAIADHP",
    "expires_in": 7200
}

2021-10-19 14:13:23.163 | INFO     | httprunner.client:request:217 - status_code: 200, response_time(ms): 170.09 ms, response_length: 0 bytes
2021-10-19 14:13:23.164 | INFO     | httprunner.response:extract:179 - extract mapping: {'token': '50_uKPCjOyK2nbaslui4A3vmiUhkIcToNli7uxfImlQcfKtEciRWYn6ycc6c5OgKuETGz1IVxl6UBGiR88qs7Chxwj0-uRHkqirvWMyaVggDOMolhGxtERdy2ohrANHwDEbXfbFJZmIt4laUNhBTXFbAIADHP'}
2021-10-19 14:13:23.164 | INFO     | httprunner.response:validate:249 - assert status_code equal 200(int)	==> pass
2021-10-19 14:13:23.164 | INFO     | httprunner.response:validate:249 - assert headers."Content-Type" equal application/json; encoding=utf-8(str)	==> pass
2021-10-19 14:13:23.164 | INFO     | httprunner.response:validate:249 - assert body.expires_in equal 7200(int)	==> pass
2021-10-19 14:13:23.164 | INFO     | httprunner.runner:__run_step:304 - run step end: /cgi-bin/token <<<<<<

2021-10-19 14:13:23.165 | INFO     | httprunner.runner:__run_step:292 - run step begin: /cgi-bin/tags/get >>>>>>
2021-10-19 14:13:43.175 | WARNING  | httprunner.client:request:188 - failed to get client address info: 'NoneType' object has no attribute 'connection'
2021-10-19 14:13:43.175 | WARNING  | httprunner.client:request:196 - failed to get server address info: 'NoneType' object has no attribute 'connection'
2021-10-19 14:13:43.175 | DEBUG    | httprunner.client:log_print:40 - 
================== request details ==================
method   : GET
url      : https://api.weixin.qq.com/cgi-bin/tags/get
headers  : {}
cookies  : {}
body     : None

2021-10-19 14:13:43.176 | DEBUG    | httprunner.client:log_print:40 - 
================== response details ==================
status_code : 0
headers  : {}
cookies  : {}
encoding : None
content_type : 
body     : 

2021-10-19 14:13:43.176 | ERROR    | httprunner.client:request:215 - ('Connection aborted.', RemoteDisconnected('Remote end closed connection without response'))
2021-10-19 14:13:43.176 | ERROR    | httprunner.response:validate:266 - assert status_code equal 200(int)	==> fail
check_item: status_code
check_value: 0(int)
assert_method: equal
expect_value: 200(int)
2021-10-19 14:13:43.176 | ERROR    | httprunner.response:validate:266 - assert headers."Content-Type" equal application/json; encoding=utf-8(str)	==> fail
check_item: headers."Content-Type"
check_value: None(NoneType)
assert_method: equal
expect_value: application/json; encoding=utf-8(str)
2021-10-19 14:13:43.176 | ERROR    | httprunner.runner:log_req_resp_details:194 - 
******************************** DETAILED REQUEST & RESPONSE ********************************
====== request details ======
url: https://api.weixin.qq.com/cgi-bin/tags/get
method: GET
headers: {'Accept': '*/*', 'Accept-Encoding': 'gzip, deflate, br', 'Connection': 'keep-alive', 'Content-Length': '2', 'Content-Type': 'text/plain', 'Host': 'api.weixin.qq.com', 'Postman-Token': 'd5b860cf-5e86-4eca-86cd-39bfd902c09f', 'User-Agent': 'PostmanRuntime/7.28.4', 'HRUN-Request-ID': 'HRUN-ff797438-920d-4a6e-b6fc-af80bbf95a7d-003165'}
params: {'access_token': '50_uKPCjOyK2nbaslui4A3vmiUhkIcToNli7uxfImlQcfKtEciRWYn6ycc6c5OgKuETGz1IVxl6UBGiR88qs7Chxwj0-uRHkqirvWMyaVggDOMolhGxtERdy2ohrANHwDEbXfbFJZmIt4laUNhBTXFbAIADHP'}
data: None
cookies: {}
timeout: 120
allow_redirects: True
verify: False
json: None

====== response details ======
status_code: 0
headers: {}
body: ''

